2024-07-24 13:29:40,526 - INFO - Command executed successfully: "C:\Program Files\STANET\BIN\stanet64.exe" /N="C:\aktuelle Berechnungen\Spechebach_Rechennetzmodell_Wasser\11_Netz_RNAB\14_Spechbach_RNAB.STA" /CONFIG="C:\aktuelle Berechnungen\Spechebach_Rechennetzmodell_Wasser\Config_Spechbach\\" /X="Import_Leitungen_Rauheiten_txt" /F="C:\Users\d.muehlfeld\weitere Daten\13_Spechbach_RNAB.TXT" /B
2024-07-24 13:29:40,526 - INFO - 
2024-07-24 13:31:33,379 - INFO - Command executed successfully: "C:\Program Files\STANET\BIN\stanet64.exe" /N="C:\aktuelle Berechnungen\Spechebach_Rechennetzmodell_Wasser\11_Netz_RNAB\14_Spechbach_RNAB.STA" /CONFIG="C:\aktuelle Berechnungen\Spechebach_Rechennetzmodell_Wasser\Config_Spechbach\\" /X="Import_Leitungen_Rauheiten_txt" /F="C:\Users\d.muehlfeld\weitere Daten\13_Spechbach_RNAB.TXT" /Y="CSV" /E="C:\Users\d.muehlfeld\weitere Daten\export_results.csv" /B
2024-07-24 13:31:33,380 - INFO - 
2024-07-24 13:32:22,771 - INFO - Command executed successfully: "C:\Program Files\STANET\BIN\stanet64.exe" /N="C:\aktuelle Berechnungen\Spechebach_Rechennetzmodell_Wasser\11_Netz_RNAB\14_Spechbach_RNAB.STA" /CONFIG="C:\aktuelle Berechnungen\Spechebach_Rechennetzmodell_Wasser\Config_Spechbach\\" /X="Import_Leitungen_Rauheiten_txt" /F="C:\Users\d.muehlfeld\weitere Daten\13_Spechbach_RNAB.TXT" /Y="CSV" /E="C:\Users\d.muehlfeld\weitere Daten\export_results.csv" /B
2024-07-24 13:32:22,772 - INFO - 
2024-07-24 13:32:49,384 - INFO - Command executed successfully: "C:\Program Files\STANET\BIN\stanet64.exe" /N="C:\aktuelle Berechnungen\Spechebach_Rechennetzmodell_Wasser\11_Netz_RNAB\14_Spechbach_RNAB.STA" /CONFIG="C:\aktuelle Berechnungen\Spechebach_Rechennetzmodell_Wasser\Config_Spechbach\\" /X="Import_Leitungen_Rauheiten_txt" /F="C:\Users\d.muehlfeld\weitere Daten\13_Spechbach_RNAB.TXT" /B
2024-07-24 13:32:49,385 - INFO - 
2024-07-24 13:33:15,871 - INFO - Command executed successfully: "C:\Program Files\STANET\BIN\stanet64.exe" /N="C:\aktuelle Berechnungen\Spechebach_Rechennetzmodell_Wasser\11_Netz_RNAB\14_Spechbach_RNAB.STA" /CONFIG="C:\aktuelle Berechnungen\Spechebach_Rechennetzmodell_Wasser\Config_Spechbach\\" /X="Import_Leitungen_Rauheiten_txt" /F="C:\Users\d.muehlfeld\weitere Daten\13_Spechbach_RNAB.TXT" /E="C:\Users\d.muehlfeld\weitere Daten\export_results.csv" /B
2024-07-24 13:33:15,871 - INFO - 
2024-07-24 13:33:44,622 - INFO - Command executed successfully: "C:\Program Files\STANET\BIN\stanet64.exe" /N="C:\aktuelle Berechnungen\Spechebach_Rechennetzmodell_Wasser\11_Netz_RNAB\14_Spechbach_RNAB.STA" /CONFIG="C:\aktuelle Berechnungen\Spechebach_Rechennetzmodell_Wasser\Config_Spechbach\\" /X="Import_Leitungen_Rauheiten_txt" /F="C:\Users\d.muehlfeld\weitere Daten\13_Spechbach_RNAB.TXT" /Y="CSV" /E="C:\Users\d.muehlfeld\weitere Daten\export_results.csv" /B
2024-07-24 13:33:44,623 - INFO - 
2024-07-24 13:38:21,858 - INFO - Command executed successfully: "C:\Program Files\STANET\BIN\stanet64.exe" /N="C:\aktuelle Berechnungen\Spechebach_Rechennetzmodell_Wasser\11_Netz_RNAB\14.1_Spechbach_RNAB.STA" /CONFIG="C:\aktuelle Berechnungen\Spechebach_Rechennetzmodell_Wasser\Config_Spechbach\\" /X="Import_Leitungen_Rauheiten_txt" /F="C:\Users\d.muehlfeld\weitere Daten\13_Spechbach_RNAB.TXT" /Y="CSV" /E="C:\Users\d.muehlfeld\weitere Daten\export_results.csv" /B
2024-07-24 13:38:21,858 - INFO - 
2024-07-24 13:40:21,746 - INFO - Command executed successfully: "C:\Program Files\STANET\BIN\stanet64.exe" /N="C:\aktuelle Berechnungen\Spechebach_Rechennetzmodell_Wasser\11_Netz_RNAB\14.2_Spechbach_RNAB.STA" /CONFIG="C:\aktuelle Berechnungen\Spechebach_Rechennetzmodell_Wasser\Config_Spechbach\\" /X="Import_Leitungen_Rauheiten_txt" /F="C:\Users\d.muehlfeld\weitere Daten\13_Spechbach_RNAB.TXT" /B
2024-07-24 13:40:21,746 - INFO - 
2024-07-24 13:42:15,261 - INFO - Command executed successfully: "C:\Program Files\STANET\BIN\stanet64.exe" /N="C:\aktuelle Berechnungen\Spechebach_Rechennetzmodell_Wasser\11_Netz_RNAB\14.3_Spechbach_RNAB.STA" /CONFIG="C:\aktuelle Berechnungen\Spechebach_Rechennetzmodell_Wasser\Config_Spechbach\\" /B
2024-07-24 13:42:15,261 - INFO - 
2024-07-24 13:43:06,503 - INFO - Command executed successfully: "C:\Program Files\STANET\BIN\stanet64.exe" /N="C:\aktuelle Berechnungen\Spechebach_Rechennetzmodell_Wasser\11_Netz_RNAB\14.3_Spechbach_RNAB.STA" /CONFIG="C:\aktuelle Berechnungen\Spechebach_Rechennetzmodell_Wasser\Config_Spechbach\\" /Y="CSV" /E="C:\Users\d.muehlfeld\weitere Daten\export_results.csv" /B
2024-07-24 13:43:06,503 - INFO - 
2024-07-24 13:47:54,502 - INFO - Command executed successfully: "C:\Program Files\STANET\BIN\stanet64.exe" /N="C:\aktuelle Berechnungen\Spechebach_Rechennetzmodell_Wasser\11_Netz_RNAB\14.3_Spechbach_RNAB.STA" /CONFIG="C:\aktuelle Berechnungen\Spechebach_Rechennetzmodell_Wasser\Config_Spechbach\\" /A /Y="CSV" /E="C:\Users\d.muehlfeld\weitere Daten\export_results.csv" /B
2024-07-24 13:47:54,503 - INFO - 
2024-07-24 13:48:17,499 - INFO - Command executed successfully: "C:\Program Files\STANET\BIN\stanet64.exe" /N="C:\aktuelle Berechnungen\Spechebach_Rechennetzmodell_Wasser\11_Netz_RNAB\14.3_Spechbach_RNAB.STA" /CONFIG="C:\aktuelle Berechnungen\Spechebach_Rechennetzmodell_Wasser\Config_Spechbach\\" /X="Import_Leitungen_Rauheiten_txt" /F="C:\Users\d.muehlfeld\weitere Daten\13_Spechbach_RNAB.TXT" /A /Y="CSV" /E="C:\Users\d.muehlfeld\weitere Daten\export_results.csv" /B
2024-07-24 13:48:17,499 - INFO - 
2024-07-24 14:01:27,676 - INFO - Command executed successfully: "C:\Program Files\STANET\BIN\stanet64.exe" /N="C:\aktuelle Berechnungen\Spechebach_Rechennetzmodell_Wasser\11_Netz_RNAB\14_Spechbach_RNAB.STA" /CONFIG="C:\aktuelle Berechnungen\Spechebach_Rechennetzmodell_Wasser\Config_Spechbach\\" /X="Import_Leitungen_Rauheiten_txt" /F="C:\Users\d.muehlfeld\weitere Daten\13_Spechbach_RNAB.TXT" /A /Y="CSV" /E="C:\Users\d.muehlfeld\weitere Daten\export_results.csv" /B
2024-07-24 14:01:27,677 - INFO - 
2024-07-24 14:03:49,189 - INFO - Command executed successfully: "C:\Program Files\STANET\BIN\stanet64.exe" /N="C:\aktuelle Berechnungen\Spechebach_Rechennetzmodell_Wasser\11_Netz_RNAB\14.1_Spechbach_RNAB.STA" /CONFIG="C:\aktuelle Berechnungen\Spechebach_Rechennetzmodell_Wasser\Config_Spechbach\\" /X="Import_Leitungen_Rauheiten_txt" /F="C:\Users\d.muehlfeld\weitere Daten\13_Spechbach_RNAB.TXT" /A /Y="CSV" /E="C:\Users\d.muehlfeld\weitere Daten\export_results.csv" /B
2024-07-24 14:03:49,190 - INFO - 
2024-07-24 14:05:30,386 - INFO - Command executed successfully: "C:\Program Files\STANET\BIN\stanet64.exe" /N="C:\aktuelle Berechnungen\Spechebach_Rechennetzmodell_Wasser\11_Netz_RNAB\14.2_Spechbach_RNAB.STA" /CONFIG="C:\aktuelle Berechnungen\Spechebach_Rechennetzmodell_Wasser\Config_Spechbach\\" /X="Import_Leitungen_Rauheiten_txt" /F="C:\Users\d.muehlfeld\weitere Daten\13_Spechbach_RNAB.TXT" /Y="CSV" /E="C:\Users\d.muehlfeld\weitere Daten\export_results.csv" /B
2024-07-24 14:05:30,386 - INFO - 
2024-07-24 14:11:01,773 - INFO - Command executed successfully: "C:\Program Files\STANET\BIN\stanet64.exe" /N="C:\aktuelle Berechnungen\Spechebach_Rechennetzmodell_Wasser\11_Netz_RNAB\14.3_Spechbach_RNAB.STA" /CONFIG="C:\aktuelle Berechnungen\Spechebach_Rechennetzmodell_Wasser\Config_Spechbach\\" /X="Import_Leitungen_Rauheiten_txt" /F="C:\Users\d.muehlfeld\weitere Daten\13_Spechbach_RNAB.TXT" /N="C:\aktuelle Berechnungen\Spechebach_Rechennetzmodell_Wasser\11_Netz_RNAB\14.3_Spechbach_RNAB.STA" /Y="CSV" /E="C:\Users\d.muehlfeld\weitere Daten\export_results.csv" /B
2024-07-24 14:11:01,774 - INFO - 
2024-07-24 14:13:27,596 - INFO - Command executed successfully: "C:\Program Files\STANET\BIN\stanet64.exe" /N="C:\aktuelle Berechnungen\Spechebach_Rechennetzmodell_Wasser\11_Netz_RNAB\14_Spechbach_RNAB.STA" /CONFIG="C:\aktuelle Berechnungen\Spechebach_Rechennetzmodell_Wasser\Config_Spechbach\\" /X="Import_Leitungen_Rauheiten_txt" /F="C:\Users\d.muehlfeld\weitere Daten\13_Spechbach_RNAB.TXT" /A
2024-07-24 14:13:27,596 - INFO - 
2024-07-24 14:17:30,556 - INFO - Command executed successfully: "C:\Program Files\STANET\BIN\stanet64.exe" /N="C:\aktuelle Berechnungen\Spechebach_Rechennetzmodell_Wasser\11_Netz_RNAB\14.1_Spechbach_RNAB.STA" /CONFIG="C:\aktuelle Berechnungen\Spechebach_Rechennetzmodell_Wasser\Config_Spechbach\\" /X="Import_Leitungen_Rauheiten_txt" /F="C:\Users\d.muehlfeld\weitere Daten\13_Spechbach_RNAB.TXT" /A
2024-07-24 14:17:30,557 - INFO - 
2024-07-24 14:17:43,970 - INFO - Command executed successfully: "C:\Program Files\STANET\BIN\stanet64.exe" /N="C:\aktuelle Berechnungen\Spechebach_Rechennetzmodell_Wasser\11_Netz_RNAB\14.1_Spechbach_RNAB.STA" /CONFIG="C:\aktuelle Berechnungen\Spechebach_Rechennetzmodell_Wasser\Config_Spechbach\\" /Y="CSV" /E="C:\Users\d.muehlfeld\weitere Daten\export_results.csv" /B
2024-07-24 14:17:43,970 - INFO - 
2024-07-24 14:19:02,184 - INFO - Command executed successfully: "C:\Program Files\STANET\BIN\stanet64.exe" /N="C:\aktuelle Berechnungen\Spechebach_Rechennetzmodell_Wasser\11_Netz_RNAB\14.1_Spechbach_RNAB.STA" /CONFIG="C:\aktuelle Berechnungen\Spechebach_Rechennetzmodell_Wasser\Config_Spechbach\\" /X="Import_Leitungen_Rauheiten_txt" /F="C:\Users\d.muehlfeld\weitere Daten\13_Spechbach_RNAB.TXT" /A /B
2024-07-24 14:19:02,185 - INFO - 
2024-07-24 14:19:15,577 - INFO - Command executed successfully: "C:\Program Files\STANET\BIN\stanet64.exe" /N="C:\aktuelle Berechnungen\Spechebach_Rechennetzmodell_Wasser\11_Netz_RNAB\14.1_Spechbach_RNAB.STA" /CONFIG="C:\aktuelle Berechnungen\Spechebach_Rechennetzmodell_Wasser\Config_Spechbach\\" /Y="CSV" /E="C:\Users\d.muehlfeld\weitere Daten\export_results.csv" /B
2024-07-24 14:19:15,577 - INFO - 
2024-07-24 14:21:27,309 - INFO - Command executed successfully: "C:\Program Files\STANET\BIN\stanet64.exe" /N="C:\aktuelle Berechnungen\Spechebach_Rechennetzmodell_Wasser\11_Netz_RNAB\14.1_Spechbach_RNAB.STA" /CONFIG="C:\aktuelle Berechnungen\Spechebach_Rechennetzmodell_Wasser\Config_Spechbach\\" /X="Import_Leitungen_Rauheiten_txt" /F="C:\Users\d.muehlfeld\weitere Daten\13_Spechbach_RNAB.TXT" /A /B
2024-07-24 14:21:27,310 - INFO - 
2024-07-24 14:21:40,327 - INFO - Command executed successfully: "C:\Program Files\STANET\BIN\stanet64.exe" /N="C:\aktuelle Berechnungen\Spechebach_Rechennetzmodell_Wasser\11_Netz_RNAB\14.1_Spechbach_RNAB.STA" /CONFIG="C:\aktuelle Berechnungen\Spechebach_Rechennetzmodell_Wasser\Config_Spechbach\\" /Y="CSV" /E="C:\Users\d.muehlfeld\weitere Daten\export_results.csv" /B
2024-07-24 14:21:40,327 - INFO - 
2024-07-24 14:23:28,143 - INFO - Command executed successfully: "C:\Program Files\STANET\BIN\stanet64.exe" /N="C:\aktuelle Berechnungen\Spechebach_Rechennetzmodell_Wasser\11_Netz_RNAB\14.1_Spechbach_RNAB.STA" /CONFIG="C:\aktuelle Berechnungen\Spechebach_Rechennetzmodell_Wasser\Config_Spechbach\\" /X="Import_Leitungen_Rauheiten_txt" /F="C:\Users\d.muehlfeld\weitere Daten\13_Spechbach_RNAB.TXT" /A /B
2024-07-24 14:23:28,143 - INFO - 
2024-07-24 14:23:41,561 - INFO - Command executed successfully: "C:\Program Files\STANET\BIN\stanet64.exe" /N="C:\aktuelle Berechnungen\Spechebach_Rechennetzmodell_Wasser\11_Netz_RNAB\14.1_Spechbach_RNAB.STA" /CONFIG="C:\aktuelle Berechnungen\Spechebach_Rechennetzmodell_Wasser\Config_Spechbach\\" /Y="CSV" /E="C:\Users\d.muehlfeld\weitere Daten\export_results.csv" /B
2024-07-24 14:23:41,561 - INFO - 
2024-07-24 14:26:58,360 - INFO - Command executed successfully: "C:\Program Files\STANET\BIN\stanet64.exe" /N="C:\aktuelle Berechnungen\Spechebach_Rechennetzmodell_Wasser\11_Netz_RNAB\14.1_Spechbach_RNAB.STA" /CONFIG="C:\aktuelle Berechnungen\Spechebach_Rechennetzmodell_Wasser\Config_Spechbach\\" /X="Import_Leitungen_Rauheiten_txt" /F="C:\Users\d.muehlfeld\weitere Daten\13_Spechbach_RNAB.TXT" /NoUserConfig /NoStartDlogs /A /B
2024-07-24 14:26:58,361 - INFO - 
2024-07-24 14:27:11,975 - INFO - Command executed successfully: "C:\Program Files\STANET\BIN\stanet64.exe" /N="C:\aktuelle Berechnungen\Spechebach_Rechennetzmodell_Wasser\11_Netz_RNAB\14.1_Spechbach_RNAB.STA" /CONFIG="C:\aktuelle Berechnungen\Spechebach_Rechennetzmodell_Wasser\Config_Spechbach\\" /Y="CSV" /E="C:\Users\d.muehlfeld\weitere Daten\export_results.csv" /B
2024-07-24 14:27:11,975 - INFO - 
2024-07-24 14:30:32,894 - INFO - Command executed successfully: "C:\Program Files\STANET\BIN\stanet64.exe" /N="C:\aktuelle Berechnungen\Spechebach_Rechennetzmodell_Wasser\11_Netz_RNAB\14.1_Spechbach_RNAB.STA" /CONFIG="C:\aktuelle Berechnungen\Spechebach_Rechennetzmodell_Wasser\Config_Spechbach\\" /B /X="Import_Leitungen_Rauheiten_txt" /F="C:\Users\d.muehlfeld\weitere Daten\13_Spechbach_RNAB.TXT" /NoUserConfig /NoStartDlogs /A /B
2024-07-24 14:30:32,895 - INFO - 
2024-07-24 14:30:48,169 - INFO - Command executed successfully: "C:\Program Files\STANET\BIN\stanet64.exe" /N="C:\aktuelle Berechnungen\Spechebach_Rechennetzmodell_Wasser\11_Netz_RNAB\14.1_Spechbach_RNAB.STA" /CONFIG="C:\aktuelle Berechnungen\Spechebach_Rechennetzmodell_Wasser\Config_Spechbach\\" /Y="CSV" /E="C:\Users\d.muehlfeld\weitere Daten\export_results.csv" /B
2024-07-24 14:30:48,170 - INFO - 
2024-07-24 16:32:17,989 - INFO - Command executed successfully: "C:\Program Files\STANET\BIN\stanet64.exe" /N="C:\aktuelle Berechnungen\Spechebach_Rechennetzmodell_Wasser\11_Netz_RNAB\14.1_Spechbach_RNAB.STA" /CONFIG="C:\aktuelle Berechnungen\Spechebach_Rechennetzmodell_Wasser\Config_Spechbach\\" /X="Import_Leitungen_Rauheiten_txt" /F="C:\Users\d.muehlfeld\weitere Daten\13_Spechbach_RNAB.TXT" /A /B
2024-07-24 16:32:17,989 - INFO - 
2024-07-24 16:32:30,841 - INFO - Command executed successfully: "C:\Program Files\STANET\BIN\stanet64.exe" /N="C:\aktuelle Berechnungen\Spechebach_Rechennetzmodell_Wasser\11_Netz_RNAB\14.1_Spechbach_RNAB.STA" /CONFIG="C:\aktuelle Berechnungen\Spechebach_Rechennetzmodell_Wasser\Config_Spechbach\\" /Y="CSV" /E="C:\Users\d.muehlfeld\weitere Daten\export_results.csv" /B
2024-07-24 16:32:30,841 - INFO - 
2024-07-24 16:34:32,984 - INFO - Command executed successfully: "C:\Program Files\STANET\BIN\stanet64.exe" /N="C:\aktuelle Berechnungen\Spechebach_Rechennetzmodell_Wasser\11_Netz_RNAB\14.1_Spechbach_RNAB.STA" /CONFIG="C:\aktuelle Berechnungen\Spechebach_Rechennetzmodell_Wasser\Config_Spechbach\\" /X="Import_Leitungen_Rauheiten_txt" /F="C:\Users\d.muehlfeld\weitere Daten\13_Spechbach_RNAB.TXT" /A /B /NoUserConfig /NoStartDlogs
2024-07-24 16:34:32,984 - INFO - 
2024-07-24 16:34:50,739 - INFO - Command executed successfully: "C:\Program Files\STANET\BIN\stanet64.exe" /N="C:\aktuelle Berechnungen\Spechebach_Rechennetzmodell_Wasser\11_Netz_RNAB\14.1_Spechbach_RNAB.STA" /CONFIG="C:\aktuelle Berechnungen\Spechebach_Rechennetzmodell_Wasser\Config_Spechbach\\" /Y="CSV" /E="C:\Users\d.muehlfeld\weitere Daten\export_results.csv" /B /NoUserConfig /NoStartDlogs
2024-07-24 16:34:50,739 - INFO - 
2024-07-24 16:58:55,549 - INFO - Command executed successfully: "C:\Program Files\STANET\BIN\stanet64.exe" /N="C:\aktuelle Berechnungen\Spechebach_Rechennetzmodell_Wasser\11_Netz_RNAB\14.1_Spechbach_RNAB.STA" /CONFIG="C:\aktuelle Berechnungen\Spechebach_Rechennetzmodell_Wasser\Config_Spechbach\\" /X="Import_Leitungen_Rauheiten_txt" /F="C:\Users\d.muehlfeld\weitere Daten\13_Spechbach_RNAB_1.TXT" /A /B
2024-07-24 16:58:55,549 - INFO - 
2024-07-24 16:59:11,883 - INFO - Command executed successfully: "C:\Program Files\STANET\BIN\stanet64.exe" /N="C:\aktuelle Berechnungen\Spechebach_Rechennetzmodell_Wasser\11_Netz_RNAB\14.1_Spechbach_RNAB.STA" /CONFIG="C:\aktuelle Berechnungen\Spechebach_Rechennetzmodell_Wasser\Config_Spechbach\\" /Y="CSV" /E="C:\Users\d.muehlfeld\weitere Daten\export_results.csv" /B
2024-07-24 16:59:11,883 - INFO - 
